<?xml version="1.0" encoding="UTF-8" ?>
<testsuites errors="0"
            failures="1"
            tests="5">

  <testsuite name="main"
    errors="0" failures="1" hostname="" id="" package="main" skipped="0"
    tests="5" time="54.95" timestamp="">
  
    <testcase name="GIVEN I am on the web page" classname="main" time="1.112" assertions="1">

    
    </testcase>
  
    <testcase name="AND the input fields are present" classname="main" time="0.3730" assertions="2">

    

    
    </testcase>
  
    <testcase name="WHEN I input the correct values and login" classname="main" time="52.11" assertions="0">
    </testcase>
  
    <testcase name="THEN the page will re load" classname="main" time="0.2940" assertions="1">

    
    </testcase>
  
    <testcase name="AND the text class will be &#34;success&#34;" classname="main" time="1.059" assertions="1">  <failure message="Testing if element &lt;#case_login &gt; h3&gt; has css class: &#34;success&#34; in 1000 ms. - expected [0;32m&#34;has success&#34;[0m but got: [0;31m&#34;&#34;[0m">    at Object.AND the text class will be &#34;success&#34; (C:\Users\musta\OneDrive\Documents\GitHub\NightwatchJS_Haivision\tests\main.js:31:16)
    at process._tickCallback (internal/process/next_tick.js:68:7)</failure>

    <failure message="    at Object.AND the text class will be &#34;success&#34; (C:\Users\musta\OneDrive\Documents\GitHub\NightwatchJS_Haivision\tests\main.js:31:16)">    at process._tickCallback (internal/process/next_tick.js:68:7)</failure>
    </testcase>
  

  

  
  </testsuite>
</testsuites>
